30.0 APEX_CODE,FINEST;APEX_PROFILING,INFO;CALLOUT,INFO;DB,INFO;SYSTEM,DEBUG;VALIDATION,INFO;VISUALFORCE,INFO;WORKFLOW,INFO
Execute Anonymous: Contact c = new Contact(FirstName='Joe',LastName='Doe',MailingPostalCode='60613'); insert c; List<Contact> cons = ContactSearch.SearchForContacts('Doe','60613'); System.assertNotEquals(cons.size(),0); delete c;
22:10:21.4 (4828041)|EXECUTION_STARTED
22:10:21.4 (4839680)|CODE_UNIT_STARTED|[EXTERNAL]|execute_anonymous_apex
22:10:21.4 (4976749)|VARIABLE_SCOPE_BEGIN|[1]|c|Contact|true|false
22:10:21.4 (5043354)|VARIABLE_SCOPE_BEGIN|[1]|cons|List<Contact>|true|false
22:10:21.4 (5160203)|HEAP_ALLOCATE|[72]|Bytes:3
22:10:21.4 (5201880)|HEAP_ALLOCATE|[77]|Bytes:152
22:10:21.4 (5215087)|HEAP_ALLOCATE|[342]|Bytes:408
22:10:21.4 (5229464)|HEAP_ALLOCATE|[355]|Bytes:408
22:10:21.4 (5243532)|HEAP_ALLOCATE|[467]|Bytes:48
22:10:21.4 (5271797)|HEAP_ALLOCATE|[139]|Bytes:6
22:10:21.4 (5292955)|HEAP_ALLOCATE|[EXTERNAL]|Bytes:1
22:10:21.4 (5427719)|STATEMENT_EXECUTE|[1]
22:10:21.4 (5430734)|STATEMENT_EXECUTE|[1]
22:10:21.4 (5453924)|HEAP_ALLOCATE|[1]|Bytes:4
22:10:21.4 (5554949)|HEAP_ALLOCATE|[1]|Bytes:3
22:10:21.4 (5612782)|VARIABLE_ASSIGNMENT|[1]|this.FirstName|"Joe"|0x64ae1488
22:10:21.4 (5618090)|HEAP_ALLOCATE|[1]|Bytes:3
22:10:21.4 (5642248)|VARIABLE_ASSIGNMENT|[1]|this.LastName|"Doe"|0x64ae1488
22:10:21.4 (5646362)|HEAP_ALLOCATE|[1]|Bytes:5
22:10:21.4 (5665038)|VARIABLE_ASSIGNMENT|[1]|this.MailingPostalCode|"60613"|0x64ae1488
22:10:21.4 (5713755)|VARIABLE_ASSIGNMENT|[1]|c|{"FirstName":"Joe","LastName":"Doe","MailingPostalCode":"60613"}|0x64ae1488
22:10:21.4 (5717880)|STATEMENT_EXECUTE|[1]
22:10:21.4 (5754743)|HEAP_ALLOCATE|[50]|Bytes:5
22:10:21.4 (5776819)|HEAP_ALLOCATE|[56]|Bytes:5
22:10:21.4 (5785415)|HEAP_ALLOCATE|[64]|Bytes:7
22:10:21.4 (5834566)|HEAP_ALLOCATE|[1]|Bytes:8
22:10:21.4 (5848944)|DML_BEGIN|[1]|Op:Insert|Type:Contact|Rows:1
22:10:21.4 (5871738)|HEAP_ALLOCATE|[EXTERNAL]|Bytes:8
22:10:21.4 (323587206)|DML_END|[1]
22:10:21.4 (323618148)|STATEMENT_EXECUTE|[1]
22:10:21.4 (323675110)|SYSTEM_MODE_ENTER|false
22:10:21.4 (323709432)|HEAP_ALLOCATE|[1]|Bytes:5
22:10:21.4 (325147863)|HEAP_ALLOCATE|[1]|Bytes:1
22:10:21.4 (325177934)|METHOD_ENTRY|[1]|01p2400000CzSd3|ContactSearch.ContactSearch()
22:10:21.4 (325181755)|STATEMENT_EXECUTE|[1]
22:10:21.4 (325187981)|STATEMENT_EXECUTE|[1]
22:10:21.4 (325195276)|HEAP_ALLOCATE|[1]|Bytes:5
22:10:21.4 (325206681)|METHOD_EXIT|[1]|ContactSearch
22:10:21.4 (325250320)|METHOD_ENTRY|[1]|01p2400000CzSd3|ContactSearch.searchForContacts(String, String)
22:10:21.4 (325262128)|VARIABLE_SCOPE_BEGIN|[2]|lastName|String|false|false
22:10:21.4 (325277433)|VARIABLE_ASSIGNMENT|[2]|lastName|"Doe"
22:10:21.4 (325280665)|VARIABLE_SCOPE_BEGIN|[2]|postalCode|String|false|false
22:10:21.4 (325284228)|VARIABLE_ASSIGNMENT|[2]|postalCode|"60613"
22:10:21.4 (325295543)|HEAP_ALLOCATE|[4]|Bytes:5
22:10:21.4 (325299507)|STATEMENT_EXECUTE|[2]
22:10:21.4 (325300897)|STATEMENT_EXECUTE|[4]
22:10:21.4 (325303722)|HEAP_ALLOCATE|[4]|Bytes:89
22:10:21.4 (325311873)|HEAP_ALLOCATE|[4]|Bytes:4
22:10:21.4 (325320719)|HEAP_ALLOCATE|[4]|Bytes:7
22:10:21.4 (325331902)|HEAP_ALLOCATE|[4]|Bytes:7
22:10:21.4 (325584531)|SOQL_EXECUTE_BEGIN|[4]|Aggregations:0|SELECT Id, Name FROM Contact WHERE (LastName = :tmpVar1 AND MailingPostalCode = :tmpVar2)
22:10:21.4 (341646165)|SOQL_EXECUTE_END|[4]|Rows:1
22:10:21.4 (341666827)|HEAP_ALLOCATE|[4]|Bytes:8
22:10:21.4 (341680799)|HEAP_ALLOCATE|[4]|Bytes:44
22:10:21.4 (341699085)|HEAP_ALLOCATE|[4]|Bytes:8
22:10:21.4 (341714717)|VARIABLE_SCOPE_BEGIN|[4]|listContact|List<Contact>|true|false
22:10:21.4 (341757967)|VARIABLE_ASSIGNMENT|[4]|listContact|{"s":1,"v":[{"s":2,"v":{"Id":"0032400000TbX9OAAV","Name":"Joe Doe"}}]}|0x486d6a1e
22:10:21.4 (341762522)|STATEMENT_EXECUTE|[5]
22:10:21.4 (341777168)|METHOD_EXIT|[1]|01p2400000CzSd3|ContactSearch.searchForContacts(String, String)
22:10:21.4 (341782781)|SYSTEM_MODE_EXIT|false
22:10:21.4 (341813846)|VARIABLE_ASSIGNMENT|[1]|cons|{"s":1,"v":[{"s":2,"v":{"Id":"0032400000TbX9OAAV","Name":"Joe Doe"}}]}|0x486d6a1e
22:10:21.4 (341818339)|STATEMENT_EXECUTE|[1]
22:10:21.4 (341906569)|STATEMENT_EXECUTE|[1]
22:10:21.4 (341927294)|HEAP_ALLOCATE|[1]|Bytes:8
22:10:21.4 (341942235)|HEAP_ALLOCATE|[1]|Bytes:8
22:10:21.4 (341954868)|DML_BEGIN|[1]|Op:Delete|Type:Contact|Rows:1
22:10:21.4 (341980028)|HEAP_ALLOCATE|[EXTERNAL]|Bytes:8
22:10:22.229 (1229666643)|DML_END|[1]
22:10:22.270 (1270613349)|CUMULATIVE_LIMIT_USAGE
22:10:22.270 (1270613349)|LIMIT_USAGE_FOR_NS|(default)|
  Number of SOQL queries: 1 out of 100
  Number of query rows: 1 out of 50000
  Number of SOSL queries: 0 out of 20
  Number of DML statements: 2 out of 150
  Number of DML rows: 2 out of 10000
  Maximum CPU time: 0 out of 10000
  Maximum heap size: 0 out of 6000000
  Number of callouts: 0 out of 100
  Number of Email Invocations: 0 out of 10
  Number of future calls: 0 out of 50
  Number of queueable jobs added to the queue: 0 out of 50
  Number of Mobile Apex push calls: 0 out of 10

22:10:22.270 (1270613349)|CUMULATIVE_LIMIT_USAGE_END

22:10:22.229 (1270676631)|CODE_UNIT_FINISHED|execute_anonymous_apex
22:10:22.229 (1273023104)|EXECUTION_FINISHED
